<?xml version="1.0" encoding="UTF-8"?>
<testng-results ignored="2" total="4" passed="2" failed="0" skipped="0">
  <reporter-output>
  </reporter-output>
  <suite started-at="2023-04-02T19:44:48 IST" name="Suite" finished-at="2023-04-02T19:45:35 IST" duration-ms="47188">
    <groups>
      <group name="Purchase">
        <method signature="submitOrder.SubmitOrder(java.util.HashMap)[pri:0, instance:Automation.Selenium.submitOrder@2af004b]" name="SubmitOrder" class="Automation.Selenium.submitOrder"/>
      </group> <!-- Purchase -->
    </groups>
    <test started-at="2023-04-02T19:44:48 IST" name="ErrorValidations" finished-at="2023-04-02T19:44:48 IST" duration-ms="23">
    </test> <!-- ErrorValidations -->
    <test started-at="2023-04-02T19:44:48 IST" name="SubmitOrder" finished-at="2023-04-02T19:45:35 IST" duration-ms="47188">
      <class name="Automation.Selenium.submitOrder">
        <test-method is-config="true" signature="LaunchApplication()[pri:0, instance:Automation.Selenium.submitOrder@2af004b]" started-at="2023-04-02T19:44:48 IST" name="LaunchApplication" finished-at="2023-04-02T19:44:53 IST" duration-ms="4354" status="PASS">
          <reporter-output>
          </reporter-output>
        </test-method> <!-- LaunchApplication -->
        <test-method signature="SubmitOrder(java.util.HashMap)[pri:0, instance:Automation.Selenium.submitOrder@2af004b]" started-at="2023-04-02T19:44:53 IST" name="SubmitOrder" data-provider="getData" finished-at="2023-04-02T19:45:12 IST" duration-ms="19228" status="PASS">
          <params>
            <param index="0">
              <value>
                <![CDATA[{password=Krishna@77, product=ZARA COAT 3, email=krishna99@gmail.com}]]>
              </value>
            </param>
          </params>
          <reporter-output>
          </reporter-output>
        </test-method> <!-- SubmitOrder -->
        <test-method is-config="true" signature="tearDown()[pri:0, instance:Automation.Selenium.submitOrder@2af004b]" started-at="2023-04-02T19:45:12 IST" name="tearDown" finished-at="2023-04-02T19:45:12 IST" duration-ms="63" status="PASS">
          <reporter-output>
          </reporter-output>
        </test-method> <!-- tearDown -->
        <test-method is-config="true" signature="LaunchApplication()[pri:0, instance:Automation.Selenium.submitOrder@2af004b]" started-at="2023-04-02T19:45:12 IST" name="LaunchApplication" finished-at="2023-04-02T19:45:15 IST" duration-ms="3283" status="PASS">
          <reporter-output>
          </reporter-output>
        </test-method> <!-- LaunchApplication -->
        <test-method signature="SubmitOrder(java.util.HashMap)[pri:0, instance:Automation.Selenium.submitOrder@2af004b]" started-at="2023-04-02T19:45:15 IST" name="SubmitOrder" data-provider="getData" finished-at="2023-04-02T19:45:35 IST" duration-ms="19891" status="PASS">
          <params>
            <param index="0">
              <value>
                <![CDATA[{password=Gayathri@123, product=ADIDAS ORIGINAL, email=gayathri@gmail.com}]]>
              </value>
            </param>
          </params>
          <reporter-output>
          </reporter-output>
        </test-method> <!-- SubmitOrder -->
        <test-method is-config="true" signature="tearDown()[pri:0, instance:Automation.Selenium.submitOrder@2af004b]" started-at="2023-04-02T19:45:35 IST" name="tearDown" finished-at="2023-04-02T19:45:35 IST" duration-ms="143" status="PASS">
          <reporter-output>
          </reporter-output>
        </test-method> <!-- tearDown -->
      </class> <!-- Automation.Selenium.submitOrder -->
    </test> <!-- SubmitOrder -->
  </suite> <!-- Suite -->
</testng-results>
