<?xml version="1.0" encoding="UTF-8"?>
<!-- Generated by org.testng.reporters.JUnitXMLReporter -->
<testsuite ignored="1" hostname="LAPTOP-VQ2HC2M1" failures="0" tests="2" name="SubmitOrder" time="47.188" errors="0" timestamp="2023-04-02T19:45:35 IST">
  <testcase classname="Automation.Selenium.submitOrder" name="SubmitOrder" time="19.228"/>
  <testcase classname="Automation.Selenium.submitOrder" name="SubmitOrder" time="19.891"/>
  <testcase classname="Automation.Selenium.submitOrder" name="OrderHistoryTest" time="0.0">
    <ignored/>
  </testcase> <!-- OrderHistoryTest -->
</testsuite> <!-- SubmitOrder -->
